
> next-app@0.1.0 dev
> next dev

⚠ Port 3000 is in use by an unknown process, using available port 3001 instead.
▲ Next.js 16.2.1 (Turbopack)
- Local:         http://localhost:3001
- Network:       http://192.168.0.2:3001
- Environments: .env.local
✓ Ready in 670ms
⚠ The "middleware" file convention is deprecated. Please use "proxy" instead. Learn more: https://nextjs.org/docs/messages/middleware-to-proxy

 GET / 200 in 1040ms (next.js: 547ms, proxy.ts: 192ms, application-code: 302ms)
 GET /assessment 200 in 1163ms (next.js: 1007ms, proxy.ts: 28ms, application-code: 128ms)
 GET /assessment 200 in 323ms (next.js: 156ms, proxy.ts: 103ms, application-code: 64ms)
✓ Compiled in 363ms
 GET / 200 in 1781ms (next.js: 820ms, proxy.ts: 482ms, application-code: 479ms)
 GET / 200 in 2.6s (next.js: 1211ms, proxy.ts: 533ms, application-code: 886ms)
 GET /assessment 200 in 169ms (next.js: 40ms, proxy.ts: 15ms, application-code: 114ms)
 GET / 200 in 1884ms (next.js: 1039ms, proxy.ts: 333ms, application-code: 512ms)
○ Compiling /setup ...
 GET /setup 200 in 6.0s (next.js: 5.2s, proxy.ts: 364ms, application-code: 452ms)
 GET /test 200 in 260ms (next.js: 181ms, proxy.ts: 24ms, application-code: 55ms)
 GET /setup 200 in 97ms (next.js: 8ms, proxy.ts: 10ms, application-code: 79ms)
 GET /test 200 in 50ms (next.js: 7ms, proxy.ts: 13ms, application-code: 31ms)
 GET /setup 200 in 92ms (next.js: 8ms, proxy.ts: 11ms, application-code: 73ms)
 GET /test 200 in 49ms (next.js: 5ms, proxy.ts: 8ms, application-code: 37ms)
 GET /setup 200 in 327ms (next.js: 39ms, proxy.ts: 66ms, application-code: 221ms)
 GET /test 200 in 121ms (next.js: 11ms, proxy.ts: 18ms, application-code: 91ms)
 GET /images/arrow_up.svg 404 in 1879ms (next.js: 1768ms, proxy.ts: 9ms, application-code: 102ms)
 GET /setup 200 in 540ms (next.js: 85ms, proxy.ts: 89ms, application-code: 365ms)
 GET /test 200 in 44ms (next.js: 7ms, proxy.ts: 7ms, application-code: 30ms)
 GET /images/arrow_up.svg 404 in 91ms (next.js: 8ms, proxy.ts: 7ms, application-code: 76ms)
 GET /setup 200 in 98ms (next.js: 5ms, proxy.ts: 8ms, application-code: 85ms)
 GET /test 200 in 47ms (next.js: 7ms, proxy.ts: 9ms, application-code: 31ms)
✓ Compiled in 2.1s
 GET /setup 200 in 2.4s (next.js: 1360ms, proxy.ts: 621ms, application-code: 457ms)
 GET /test 200 in 116ms (next.js: 50ms, proxy.ts: 16ms, application-code: 50ms)
 GET /setup 200 in 97ms (next.js: 14ms, proxy.ts: 10ms, application-code: 73ms)
 GET /test 200 in 61ms (next.js: 12ms, proxy.ts: 12ms, application-code: 38ms)
[Server HMR] Update failed, full reload needed: SyntaxError: Identifier 'advanceQuestion' has already been declared
    at eval (<anonymous>)
[Server HMR] Listener error: SyntaxError: Identifier 'advanceQuestion' has already been declared
    at eval (<anonymous>)
✓ Compiled in 56ms
[Server HMR] Update failed, full reload needed: SyntaxError: Identifier 'advanceQuestion' has already been declared
    at eval (<anonymous>)
[Server HMR] Listener error: SyntaxError: Identifier 'advanceQuestion' has already been declared
    at eval (<anonymous>)
✓ Compiled in 25ms
 GET /setup 200 in 858ms (next.js: 387ms, proxy.ts: 153ms, application-code: 319ms)
 GET /test 200 in 111ms (next.js: 47ms, proxy.ts: 19ms, application-code: 45ms)
